2021-04-26 13:10:53.586  INFO 21056 --- [main] c.h.s.CandidateManagementApplication     : Starting CandidateManagementApplication using Java 15.0.2 on LAPTOP-0UV74NC3 with PID 21056 (C:\Users\vinis\Documents\workspace-spring-tool-suite-4-4.10.0.RELEASE\Candidate-Management\target\classes started by vinis in C:\Users\vinis\Documents\workspace-spring-tool-suite-4-4.10.0.RELEASE\Candidate-Management)
2021-04-26 13:10:53.589  INFO 21056 --- [main] c.h.s.CandidateManagementApplication     : No active profile set, falling back to default profiles: default
2021-04-26 13:10:54.206  INFO 21056 --- [main] .s.d.r.c.RepositoryConfigurationDelegate : Multiple Spring Data modules found, entering strict repository configuration mode!
2021-04-26 13:10:54.209  INFO 21056 --- [main] .s.d.r.c.RepositoryConfigurationDelegate : Bootstrapping Spring Data JDBC repositories in DEFAULT mode.
2021-04-26 13:10:54.233  INFO 21056 --- [main] .s.d.r.c.RepositoryConfigurationDelegate : Finished Spring Data repository scanning in 18 ms. Found 0 JDBC repository interfaces.
2021-04-26 13:10:54.246  INFO 21056 --- [main] .s.d.r.c.RepositoryConfigurationDelegate : Multiple Spring Data modules found, entering strict repository configuration mode!
2021-04-26 13:10:54.249  INFO 21056 --- [main] .s.d.r.c.RepositoryConfigurationDelegate : Bootstrapping Spring Data JPA repositories in DEFAULT mode.
2021-04-26 13:10:54.267  INFO 21056 --- [main] .s.d.r.c.RepositoryConfigurationDelegate : Finished Spring Data repository scanning in 8 ms. Found 0 JPA repository interfaces.
2021-04-26 13:10:54.840  INFO 21056 --- [main] o.s.b.w.embedded.tomcat.TomcatWebServer  : Tomcat initialized with port(s): 8082 (http)
2021-04-26 13:10:54.849  INFO 21056 --- [main] o.apache.catalina.core.StandardService   : Starting service [Tomcat]
2021-04-26 13:10:54.850  INFO 21056 --- [main] org.apache.catalina.core.StandardEngine  : Starting Servlet engine: [Apache Tomcat/9.0.45]
2021-04-26 13:10:54.960  INFO 21056 --- [main] o.a.c.c.C.[Tomcat].[localhost].[/]       : Initializing Spring embedded WebApplicationContext
2021-04-26 13:10:54.961  INFO 21056 --- [main] w.s.c.ServletWebServerApplicationContext : Root WebApplicationContext: initialization completed in 1335 ms
2021-04-26 13:10:55.101  INFO 21056 --- [main] com.zaxxer.hikari.HikariDataSource       : HikariPool-1 - Starting...
2021-04-26 13:10:55.766  INFO 21056 --- [main] com.zaxxer.hikari.HikariDataSource       : HikariPool-1 - Start completed.
2021-04-26 13:10:55.821  INFO 21056 --- [main] o.hibernate.jpa.internal.util.LogHelper  : HHH000204: Processing PersistenceUnitInfo [name: default]
2021-04-26 13:10:55.864  INFO 21056 --- [main] org.hibernate.Version                    : HHH000412: Hibernate ORM core version 5.4.30.Final
2021-04-26 13:10:56.019  INFO 21056 --- [main] o.hibernate.annotations.common.Version   : HCANN000001: Hibernate Commons Annotations {5.1.2.Final}
2021-04-26 13:10:56.158  INFO 21056 --- [main] org.hibernate.dialect.Dialect            : HHH000400: Using dialect: org.hibernate.dialect.MySQL8Dialect
2021-04-26 13:10:56.354  INFO 21056 --- [main] o.h.e.t.j.p.i.JtaPlatformInitiator       : HHH000490: Using JtaPlatform implementation: [org.hibernate.engine.transaction.jta.platform.internal.NoJtaPlatform]
2021-04-26 13:10:56.364  INFO 21056 --- [main] j.LocalContainerEntityManagerFactoryBean : Initialized JPA EntityManagerFactory for persistence unit 'default'
2021-04-26 13:10:56.494  WARN 21056 --- [main] JpaBaseConfiguration$JpaWebConfiguration : spring.jpa.open-in-view is enabled by default. Therefore, database queries may be performed during view rendering. Explicitly configure spring.jpa.open-in-view to disable this warning
2021-04-26 13:10:56.715  INFO 21056 --- [main] o.s.s.web.DefaultSecurityFilterChain     : Will secure any request with [org.springframework.security.web.context.request.async.WebAsyncManagerIntegrationFilter@41f23499, org.springframework.security.web.context.SecurityContextPersistenceFilter@4bb9f7d4, org.springframework.security.web.header.HeaderWriterFilter@424a152f, org.springframework.web.filter.CorsFilter@31dbf5bb, org.springframework.security.web.authentication.logout.LogoutFilter@2d2a8819, org.springframework.security.oauth2.client.web.OAuth2AuthorizationRequestRedirectFilter@4888d1ea, org.springframework.security.oauth2.client.web.OAuth2LoginAuthenticationFilter@217b0952, com.harish.starting.security.TokenFilter@3b55dd15, org.springframework.security.web.savedrequest.RequestCacheAwareFilter@183ef89a, org.springframework.security.web.servletapi.SecurityContextHolderAwareRequestFilter@5649f55, org.springframework.security.web.authentication.AnonymousAuthenticationFilter@1f19d423, org.springframework.security.web.session.SessionManagementFilter@15ad5acb, org.springframework.security.web.access.ExceptionTranslationFilter@146833a2, org.springframework.security.web.access.intercept.FilterSecurityInterceptor@17332039]
2021-04-26 13:10:56.814  INFO 21056 --- [main] o.s.s.concurrent.ThreadPoolTaskExecutor  : Initializing ExecutorService 'applicationTaskExecutor'
2021-04-26 13:10:57.178  INFO 21056 --- [main] o.s.b.w.embedded.tomcat.TomcatWebServer  : Tomcat started on port(s): 8082 (http) with context path ''
2021-04-26 13:10:57.189  INFO 21056 --- [main] c.h.s.CandidateManagementApplication     : Started CandidateManagementApplication in 3.917 seconds (JVM running for 4.511)
2021-04-26 13:11:24.024  INFO 21056 --- [RMI TCP Connection(2)-127.0.0.1] inMXBeanRegistrar$SpringApplicationAdmin : Application shutdown requested.
2021-04-26 13:11:24.088  INFO 21056 --- [RMI TCP Connection(2)-127.0.0.1] o.s.s.concurrent.ThreadPoolTaskExecutor  : Shutting down ExecutorService 'applicationTaskExecutor'
2021-04-26 13:11:24.091  INFO 21056 --- [RMI TCP Connection(2)-127.0.0.1] j.LocalContainerEntityManagerFactoryBean : Closing JPA EntityManagerFactory for persistence unit 'default'
2021-04-26 13:11:24.097  INFO 21056 --- [RMI TCP Connection(2)-127.0.0.1] com.zaxxer.hikari.HikariDataSource       : HikariPool-1 - Shutdown initiated...
2021-04-26 13:11:24.119  INFO 21056 --- [RMI TCP Connection(2)-127.0.0.1] com.zaxxer.hikari.HikariDataSource       : HikariPool-1 - Shutdown completed.
2021-04-26 13:11:28.774  INFO 3128 --- [main] c.h.s.CandidateManagementApplication     : Starting CandidateManagementApplication using Java 15.0.2 on LAPTOP-0UV74NC3 with PID 3128 (C:\Users\vinis\Documents\workspace-spring-tool-suite-4-4.10.0.RELEASE\Candidate-Management\target\classes started by vinis in C:\Users\vinis\Documents\workspace-spring-tool-suite-4-4.10.0.RELEASE\Candidate-Management)
2021-04-26 13:11:28.776  INFO 3128 --- [main] c.h.s.CandidateManagementApplication     : No active profile set, falling back to default profiles: default
2021-04-26 13:11:29.322  INFO 3128 --- [main] .s.d.r.c.RepositoryConfigurationDelegate : Multiple Spring Data modules found, entering strict repository configuration mode!
2021-04-26 13:11:29.323  INFO 3128 --- [main] .s.d.r.c.RepositoryConfigurationDelegate : Bootstrapping Spring Data JDBC repositories in DEFAULT mode.
2021-04-26 13:11:29.337  INFO 3128 --- [main] .s.d.r.c.RepositoryConfigurationDelegate : Finished Spring Data repository scanning in 10 ms. Found 0 JDBC repository interfaces.
2021-04-26 13:11:29.345  INFO 3128 --- [main] .s.d.r.c.RepositoryConfigurationDelegate : Multiple Spring Data modules found, entering strict repository configuration mode!
2021-04-26 13:11:29.347  INFO 3128 --- [main] .s.d.r.c.RepositoryConfigurationDelegate : Bootstrapping Spring Data JPA repositories in DEFAULT mode.
2021-04-26 13:11:29.354  INFO 3128 --- [main] .s.d.r.c.RepositoryConfigurationDelegate : Finished Spring Data repository scanning in 3 ms. Found 0 JPA repository interfaces.
2021-04-26 13:11:29.763  INFO 3128 --- [main] o.s.b.w.embedded.tomcat.TomcatWebServer  : Tomcat initialized with port(s): 8082 (http)
2021-04-26 13:11:29.772  INFO 3128 --- [main] o.apache.catalina.core.StandardService   : Starting service [Tomcat]
2021-04-26 13:11:29.773  INFO 3128 --- [main] org.apache.catalina.core.StandardEngine  : Starting Servlet engine: [Apache Tomcat/9.0.45]
2021-04-26 13:11:29.864  INFO 3128 --- [main] o.a.c.c.C.[Tomcat].[localhost].[/]       : Initializing Spring embedded WebApplicationContext
2021-04-26 13:11:29.864  INFO 3128 --- [main] w.s.c.ServletWebServerApplicationContext : Root WebApplicationContext: initialization completed in 1050 ms
2021-04-26 13:11:29.994  INFO 3128 --- [main] com.zaxxer.hikari.HikariDataSource       : HikariPool-1 - Starting...
2021-04-26 13:11:30.426  INFO 3128 --- [main] com.zaxxer.hikari.HikariDataSource       : HikariPool-1 - Start completed.
2021-04-26 13:11:30.470  INFO 3128 --- [main] o.hibernate.jpa.internal.util.LogHelper  : HHH000204: Processing PersistenceUnitInfo [name: default]
2021-04-26 13:11:30.509  INFO 3128 --- [main] org.hibernate.Version                    : HHH000412: Hibernate ORM core version 5.4.30.Final
2021-04-26 13:11:30.637  INFO 3128 --- [main] o.hibernate.annotations.common.Version   : HCANN000001: Hibernate Commons Annotations {5.1.2.Final}
2021-04-26 13:11:30.746  INFO 3128 --- [main] org.hibernate.dialect.Dialect            : HHH000400: Using dialect: org.hibernate.dialect.MySQL8Dialect
2021-04-26 13:11:30.953  INFO 3128 --- [main] o.h.e.t.j.p.i.JtaPlatformInitiator       : HHH000490: Using JtaPlatform implementation: [org.hibernate.engine.transaction.jta.platform.internal.NoJtaPlatform]
2021-04-26 13:11:30.967  INFO 3128 --- [main] j.LocalContainerEntityManagerFactoryBean : Initialized JPA EntityManagerFactory for persistence unit 'default'
2021-04-26 13:11:31.162  WARN 3128 --- [main] JpaBaseConfiguration$JpaWebConfiguration : spring.jpa.open-in-view is enabled by default. Therefore, database queries may be performed during view rendering. Explicitly configure spring.jpa.open-in-view to disable this warning
2021-04-26 13:11:31.336  INFO 3128 --- [main] o.s.s.web.DefaultSecurityFilterChain     : Will secure any request with [org.springframework.security.web.context.request.async.WebAsyncManagerIntegrationFilter@41f23499, org.springframework.security.web.context.SecurityContextPersistenceFilter@4bb9f7d4, org.springframework.security.web.header.HeaderWriterFilter@424a152f, org.springframework.web.filter.CorsFilter@31dbf5bb, org.springframework.security.web.authentication.logout.LogoutFilter@2d2a8819, org.springframework.security.oauth2.client.web.OAuth2AuthorizationRequestRedirectFilter@4888d1ea, org.springframework.security.oauth2.client.web.OAuth2LoginAuthenticationFilter@217b0952, com.harish.starting.security.TokenFilter@3b55dd15, org.springframework.security.web.savedrequest.RequestCacheAwareFilter@183ef89a, org.springframework.security.web.servletapi.SecurityContextHolderAwareRequestFilter@5649f55, org.springframework.security.web.authentication.AnonymousAuthenticationFilter@1f19d423, org.springframework.security.web.session.SessionManagementFilter@15ad5acb, org.springframework.security.web.access.ExceptionTranslationFilter@146833a2, org.springframework.security.web.access.intercept.FilterSecurityInterceptor@17332039]
2021-04-26 13:11:31.409  INFO 3128 --- [main] o.s.s.concurrent.ThreadPoolTaskExecutor  : Initializing ExecutorService 'applicationTaskExecutor'
2021-04-26 13:11:31.624  INFO 3128 --- [main] o.s.b.w.embedded.tomcat.TomcatWebServer  : Tomcat started on port(s): 8082 (http) with context path ''
2021-04-26 13:11:31.634  INFO 3128 --- [main] c.h.s.CandidateManagementApplication     : Started CandidateManagementApplication in 3.201 seconds (JVM running for 3.798)
2021-04-26 13:11:40.437  INFO 3128 --- [http-nio-8082-exec-1] o.a.c.c.C.[Tomcat].[localhost].[/]       : Initializing Spring DispatcherServlet 'dispatcherServlet'
2021-04-26 13:11:40.437  INFO 3128 --- [http-nio-8082-exec-1] o.s.web.servlet.DispatcherServlet        : Initializing Servlet 'dispatcherServlet'
2021-04-26 13:11:40.439  INFO 3128 --- [http-nio-8082-exec-1] o.s.web.servlet.DispatcherServlet        : Completed initialization in 1 ms
2021-04-26 13:12:10.092  INFO 3128 --- [http-nio-8082-exec-1] c.h.s.c.Candidate_Manage_Controller      : Updated Candidate
2021-04-26 13:16:11.502  INFO 3128 --- [RMI TCP Connection(9)-127.0.0.1] inMXBeanRegistrar$SpringApplicationAdmin : Application shutdown requested.
2021-04-26 13:16:11.532  INFO 3128 --- [RMI TCP Connection(9)-127.0.0.1] o.s.s.concurrent.ThreadPoolTaskExecutor  : Shutting down ExecutorService 'applicationTaskExecutor'
2021-04-26 13:16:11.532  INFO 3128 --- [RMI TCP Connection(9)-127.0.0.1] j.LocalContainerEntityManagerFactoryBean : Closing JPA EntityManagerFactory for persistence unit 'default'
2021-04-26 13:16:11.533  INFO 3128 --- [RMI TCP Connection(9)-127.0.0.1] com.zaxxer.hikari.HikariDataSource       : HikariPool-1 - Shutdown initiated...
2021-04-26 13:16:11.537  INFO 3128 --- [RMI TCP Connection(9)-127.0.0.1] com.zaxxer.hikari.HikariDataSource       : HikariPool-1 - Shutdown completed.
